<?xml version="1.0" encoding="UTF-8"?>
<!-- Generated by org.testng.reporters.JUnitReportReporter -->
<testsuite skipped="0" hostname="DESKTOP-9LTQUQR" name="Week5day1.DuplicateLead" tests="1" failures="0" timestamp="09 Mar 2019 04:29:42 GMT" time="30.265" errors="0">
  <testcase name="duplicateLead" time="30.265" classname="Week5day1.DuplicateLead"/>
</testsuite> <!-- Week5day1.DuplicateLead -->
