<?xml version="1.0" encoding="UTF-8"?>
<!-- Generated by org.testng.reporters.JUnitReportReporter -->
<testsuite skipped="0" hostname="DESKTOP-9LTQUQR" name="interviewQuestions.ReadFileExcel" tests="1" failures="0" timestamp="05 Apr 2019 07:08:41 GMT" time="0.020" errors="0">
  <testcase name="FileRead" time="0.020" classname="interviewQuestions.ReadFileExcel"/>
</testsuite> <!-- interviewQuestions.ReadFileExcel -->
