<?xml version="1.0" encoding="UTF-8"?>
<!-- Generated by org.testng.reporters.JUnitReportReporter -->
<testsuite skipped="0" hostname="DESKTOP-9LTQUQR" name="Week5day1.CreateLead" tests="3" failures="0" timestamp="10 Mar 2019 06:15:10 GMT" time="42.714" errors="0">
  <testcase name="createLead" time="14.478" classname="Week5day1.CreateLead"/>
  <testcase name="createLead" time="13.747" classname="Week5day1.CreateLead"/>
  <testcase name="createLead" time="14.489" classname="Week5day1.CreateLead"/>
</testsuite> <!-- Week5day1.CreateLead -->
