<?xml version="1.0" encoding="UTF-8"?>
<!-- Generated by org.testng.reporters.JUnitReportReporter -->
<testsuite skipped="0" hostname="DESKTOP-9LTQUQR" name="Week5day1.MergeLead" tests="1" failures="0" timestamp="09 Mar 2019 04:29:42 GMT" time="28.365" errors="0">
  <testcase name="mergelead" time="28.365" classname="Week5day1.MergeLead"/>
</testsuite> <!-- Week5day1.MergeLead -->
