<?xml version="1.0" encoding="UTF-8"?>
<!-- Generated by org.testng.reporters.JUnitReportReporter -->
<testsuite skipped="0" hostname="DESKTOP-9LTQUQR" name="runner.RunTest" tests="1" failures="0" timestamp="11 Apr 2019 06:30:35 GMT" time="27.313" errors="0">
  <testcase name="runScenario" time="27.313" classname="runner.RunTest"/>
</testsuite> <!-- runner.RunTest -->
